Watching for file changes with StatReloader
[17/Jul/2025 17:38:31] "GET /main/ HTTP/1.1" 200 3475
[17/Jul/2025 17:38:32] "GET /static/main/styles.css HTTP/1.1" 200 1466
[17/Jul/2025 18:04:07] "GET /main/ HTTP/1.1" 200 4031
[17/Jul/2025 18:04:07] "GET /static/main/styles.css HTTP/1.1" 200 1466
Not Found: /favicon.ico
[17/Jul/2025 18:04:08] "GET /favicon.ico HTTP/1.1" 404 2558
[17/Jul/2025 18:04:54] "GET /main/ HTTP/1.1" 200 4031
[17/Jul/2025 18:04:54] "GET /static/main/styles.css HTTP/1.1" 200 1466
[17/Jul/2025 18:05:14] "GET /main/ HTTP/1.1" 200 4031
[17/Jul/2025 18:05:14] "GET /static/main/styles.css HTTP/1.1" 200 1466
Not Found: /favicon.ico
[17/Jul/2025 18:05:14] "GET /favicon.ico HTTP/1.1" 404 2558
[17/Jul/2025 18:05:33] "GET /main/ HTTP/1.1" 200 4031
[17/Jul/2025 18:05:33] "GET /static/main/styles.css HTTP/1.1" 200 1736
Not Found: /favicon.ico
[17/Jul/2025 18:05:33] "GET /favicon.ico HTTP/1.1" 404 2558
[17/Jul/2025 18:06:03] "GET /main/ HTTP/1.1" 200 4031
[17/Jul/2025 18:06:03] "GET /static/main/styles.css HTTP/1.1" 200 1736
Not Found: /favicon.ico
[17/Jul/2025 18:06:03] "GET /favicon.ico HTTP/1.1" 404 2558
[17/Jul/2025 18:06:05] "GET /main/add/ HTTP/1.1" 200 3969
[17/Jul/2025 18:06:05] "GET /static/main/styles.css HTTP/1.1" 200 1736
[17/Jul/2025 18:07:11] "GET /main/ HTTP/1.1" 200 6242
[17/Jul/2025 18:07:11] "GET /static/main/styles.css HTTP/1.1" 200 1736
[17/Jul/2025 18:07:37] "GET /main/ HTTP/1.1" 200 8453
[17/Jul/2025 18:07:37] "GET /static/main/styles.css HTTP/1.1" 200 1736
[17/Jul/2025 18:07:43] "GET /main/ HTTP/1.1" 200 8444
[17/Jul/2025 18:07:43] "GET /static/main/styles.css HTTP/1.1" 200 1736
[17/Jul/2025 18:08:00] "GET /main/ HTTP/1.1" 200 8444
[17/Jul/2025 18:08:00] "GET /static/main/styles.css HTTP/1.1" 200 1736
[17/Jul/2025 18:08:53] "GET /main/ HTTP/1.1" 200 8442
[17/Jul/2025 18:08:53] "GET /static/main/styles.css HTTP/1.1" 200 1736
[17/Jul/2025 18:09:39] "GET /main/ HTTP/1.1" 200 8419
[17/Jul/2025 18:09:39] "GET /static/main/styles.css HTTP/1.1" 200 1736
[17/Jul/2025 18:09:55] "GET /main/ HTTP/1.1" 200 8417
[17/Jul/2025 18:09:55] "GET /static/main/styles.css HTTP/1.1" 200 1736
[17/Jul/2025 18:10:09] "GET /main/ HTTP/1.1" 200 8420
[17/Jul/2025 18:10:09] "GET /static/main/styles.css HTTP/1.1" 200 1736
[17/Jul/2025 18:10:49] "GET /main/ HTTP/1.1" 200 6490
[17/Jul/2025 18:10:49] "GET /static/main/styles.css HTTP/1.1" 304 0
[17/Jul/2025 18:12:06] "GET /main/ HTTP/1.1" 200 4560
[17/Jul/2025 18:12:06] "GET /static/main/styles.css HTTP/1.1" 304 0
/home/dereknolt/webapps/get_it_together/main/models.py changed, reloading.
Performing system checks...

System check identified no issues (0 silenced).
July 17, 2025 - 17:38:23
Django version 5.2.4, using settings 'get_it_together.settings'
Starting development server at http://0.0.0.0:8808/
Quit the server with CONTROL-C.

WARNING: This is a development server. Do not use it in a production setting. Use a production WSGI or ASGI server instead.
For more information on production servers see: https://docs.djangoproject.com/en/5.2/howto/deployment/
Watching for file changes with StatReloader
Internal Server Error: /main/
Traceback (most recent call last):
  File "/home/dereknolt/.local/lib/python3.13/site-packages/django/core/handlers/exception.py", line 55, in inner
    response = get_response(request)
  File "/home/dereknolt/.local/lib/python3.13/site-packages/django/core/handlers/base.py", line 197, in _get_response
    response = wrapped_callback(request, *callback_args, **callback_kwargs)
  File "/home/dereknolt/webapps/get_it_together/main/views.py", line 27, in inventory_list
    return render(request, 'main/inventory_list.html', {
        'items': items,
    ...<2 lines>...
        'query': query,
    })
  File "/home/dereknolt/.local/lib/python3.13/site-packages/django/shortcuts.py", line 25, in render
    content = loader.render_to_string(template_name, context, request, using=using)
  File "/home/dereknolt/.local/lib/python3.13/site-packages/django/template/loader.py", line 62, in render_to_string
    return template.render(context, request)
           ~~~~~~~~~~~~~~~^^^^^^^^^^^^^^^^^^
  File "/home/dereknolt/.local/lib/python3.13/site-packages/django/template/backends/django.py", line 107, in render
    return self.template.render(context)
           ~~~~~~~~~~~~~~~~~~~~^^^^^^^^^
  File "/home/dereknolt/.local/lib/python3.13/site-packages/django/template/base.py", line 171, in render
    return self._render(context)
           ~~~~~~~~~~~~^^^^^^^^^
  File "/home/dereknolt/.local/lib/python3.13/site-packages/django/template/base.py", line 163, in _render
    return self.nodelist.render(context)
           ~~~~~~~~~~~~~~~~~~~~^^^^^^^^^
  File "/home/dereknolt/.local/lib/python3.13/site-packages/django/template/base.py", line 1016, in render
    return SafeString("".join([node.render_annotated(context) for node in self]))
                               ~~~~~~~~~~~~~~~~~~~~~^^^^^^^^^
  File "/home/dereknolt/.local/lib/python3.13/site-packages/django/template/base.py", line 977, in render_annotated
    return self.render(context)
           ~~~~~~~~~~~^^^^^^^^^
  File "/home/dereknolt/.local/lib/python3.13/site-packages/django/template/defaulttags.py", line 480, in render
    url = reverse(view_name, args=args, kwargs=kwargs, current_app=current_app)
  File "/home/dereknolt/.local/lib/python3.13/site-packages/django/urls/base.py", line 98, in reverse
    resolved_url = resolver._reverse_with_prefix(view, prefix, *args, **kwargs)
  File "/home/dereknolt/.local/lib/python3.13/site-packages/django/urls/resolvers.py", line 831, in _reverse_with_prefix
    raise NoReverseMatch(msg)
django.urls.exceptions.NoReverseMatch: Reverse for 'add_todo' not found. 'add_todo' is not a valid view function or pattern name.
[17/Jul/2025 18:21:12] "GET /main/ HTTP/1.1" 500 121958
/home/dereknolt/webapps/get_it_together/main/forms.py changed, reloading.
Performing system checks...

System check identified no issues (0 silenced).
July 17, 2025 - 18:17:32
Django version 5.2.4, using settings 'get_it_together.settings'
Starting development server at http://0.0.0.0:8808/
Quit the server with CONTROL-C.

WARNING: This is a development server. Do not use it in a production setting. Use a production WSGI or ASGI server instead.
For more information on production servers see: https://docs.djangoproject.com/en/5.2/howto/deployment/
Watching for file changes with StatReloader
/home/dereknolt/webapps/get_it_together/main/views.py changed, reloading.
Performing system checks...

System check identified no issues (0 silenced).
July 17, 2025 - 18:21:25
Django version 5.2.4, using settings 'get_it_together.settings'
Starting development server at http://0.0.0.0:8808/
Quit the server with CONTROL-C.

WARNING: This is a development server. Do not use it in a production setting. Use a production WSGI or ASGI server instead.
For more information on production servers see: https://docs.djangoproject.com/en/5.2/howto/deployment/
Watching for file changes with StatReloader
/home/dereknolt/webapps/get_it_together/main/urls.py changed, reloading.
Performing system checks...

System check identified no issues (0 silenced).
July 17, 2025 - 18:23:42
Django version 5.2.4, using settings 'get_it_together.settings'
Starting development server at http://0.0.0.0:8808/
Quit the server with CONTROL-C.

WARNING: This is a development server. Do not use it in a production setting. Use a production WSGI or ASGI server instead.
For more information on production servers see: https://docs.djangoproject.com/en/5.2/howto/deployment/
Watching for file changes with StatReloader
[17/Jul/2025 18:25:04] "GET /main/ HTTP/1.1" 200 5772
[17/Jul/2025 18:25:04] "GET /static/main/styles.css HTTP/1.1" 304 0
Internal Server Error: /main/add-todo/
Traceback (most recent call last):
  File "/home/dereknolt/.local/lib/python3.13/site-packages/django/core/handlers/exception.py", line 55, in inner
    response = get_response(request)
  File "/home/dereknolt/.local/lib/python3.13/site-packages/django/core/handlers/base.py", line 197, in _get_response
    response = wrapped_callback(request, *callback_args, **callback_kwargs)
  File "/home/dereknolt/webapps/get_it_together/main/views.py", line 88, in add_todo
    return redirect('todo_list')
  File "/home/dereknolt/.local/lib/python3.13/site-packages/django/shortcuts.py", line 51, in redirect
    resolve_url(to, *args, **kwargs),
    ~~~~~~~~~~~^^^^^^^^^^^^^^^^^^^^^
  File "/home/dereknolt/.local/lib/python3.13/site-packages/django/shortcuts.py", line 184, in resolve_url
    return reverse(to, args=args, kwargs=kwargs)
  File "/home/dereknolt/.local/lib/python3.13/site-packages/django/urls/base.py", line 98, in reverse
    resolved_url = resolver._reverse_with_prefix(view, prefix, *args, **kwargs)
  File "/home/dereknolt/.local/lib/python3.13/site-packages/django/urls/resolvers.py", line 831, in _reverse_with_prefix
    raise NoReverseMatch(msg)
django.urls.exceptions.NoReverseMatch: Reverse for 'todo_list' not found. 'todo_list' is not a valid view function or pattern name.
[17/Jul/2025 18:25:07] "POST /main/add-todo/ HTTP/1.1" 500 86406
/home/dereknolt/webapps/get_it_together/main/urls.py changed, reloading.
Performing system checks...

System check identified no issues (0 silenced).
July 17, 2025 - 18:25:01
Django version 5.2.4, using settings 'get_it_together.settings'
Starting development server at http://0.0.0.0:8808/
Quit the server with CONTROL-C.

WARNING: This is a development server. Do not use it in a production setting. Use a production WSGI or ASGI server instead.
For more information on production servers see: https://docs.djangoproject.com/en/5.2/howto/deployment/
Watching for file changes with StatReloader
[17/Jul/2025 18:25:21] "GET /main/ HTTP/1.1" 200 5772
[17/Jul/2025 18:25:22] "GET /main/ HTTP/1.1" 200 5772
[17/Jul/2025 18:25:23] "POST /main/add-todo/ HTTP/1.1" 302 0
[17/Jul/2025 18:25:23] "GET /main/ HTTP/1.1" 200 5772
[17/Jul/2025 18:25:24] "POST /main/add-todo/ HTTP/1.1" 302 0
[17/Jul/2025 18:25:24] "GET /main/ HTTP/1.1" 200 5772
[17/Jul/2025 18:25:25] "POST /main/add-todo/ HTTP/1.1" 302 0
[17/Jul/2025 18:25:25] "GET /main/ HTTP/1.1" 200 5772
[17/Jul/2025 18:25:25] "POST /main/add-todo/ HTTP/1.1" 302 0
[17/Jul/2025 18:25:25] "GET /main/ HTTP/1.1" 200 5772
[17/Jul/2025 18:25:25] "POST /main/add-todo/ HTTP/1.1" 302 0
[17/Jul/2025 18:25:25] "GET /main/ HTTP/1.1" 200 5772
[17/Jul/2025 18:25:25] "POST /main/add-todo/ HTTP/1.1" 302 0
[17/Jul/2025 18:25:25] "GET /main/ HTTP/1.1" 200 5772
[17/Jul/2025 18:26:43] "GET /main/ HTTP/1.1" 200 5772
[17/Jul/2025 18:26:44] "GET /main/ HTTP/1.1" 200 5772
[17/Jul/2025 18:26:44] "GET /main/ HTTP/1.1" 200 5772
[17/Jul/2025 18:26:45] "GET /main/ HTTP/1.1" 200 5772
[17/Jul/2025 18:26:45] "GET /main/ HTTP/1.1" 200 5772
[17/Jul/2025 18:26:45] "GET /main/ HTTP/1.1" 200 5772
[17/Jul/2025 18:26:45] "GET /static/main/styles.css HTTP/1.1" 200 1736
Not Found: /favicon.ico
[17/Jul/2025 18:26:45] "GET /favicon.ico HTTP/1.1" 404 2558
[17/Jul/2025 18:26:45] "GET /main/ HTTP/1.1" 200 5772
[17/Jul/2025 18:26:45] "GET /static/main/styles.css HTTP/1.1" 200 1736
Not Found: /favicon.ico
[17/Jul/2025 18:26:46] "GET /favicon.ico HTTP/1.1" 404 2558
[17/Jul/2025 18:26:46] "GET /main/ HTTP/1.1" 200 5772
[17/Jul/2025 18:26:46] "GET /static/main/styles.css HTTP/1.1" 200 1736
Not Found: /favicon.ico
[17/Jul/2025 18:26:46] "GET /favicon.ico HTTP/1.1" 404 2558
[17/Jul/2025 18:26:46] "POST /main/add-todo/ HTTP/1.1" 302 0
[17/Jul/2025 18:26:46] "GET /main/ HTTP/1.1" 200 5772
[17/Jul/2025 18:26:48] "GET /main/?q= HTTP/1.1" 200 5772
[17/Jul/2025 18:26:48] "GET /main/?q= HTTP/1.1" 200 5772
[17/Jul/2025 18:26:49] "GET /main/?q= HTTP/1.1" 200 5772
[17/Jul/2025 18:26:49] "GET /main/?q= HTTP/1.1" 200 5772
[17/Jul/2025 18:26:49] "GET /main/?q= HTTP/1.1" 200 5772
[17/Jul/2025 18:26:50] "POST /main/add-todo/ HTTP/1.1" 302 0
[17/Jul/2025 18:26:50] "GET /main/ HTTP/1.1" 200 5772
[17/Jul/2025 18:26:51] "POST /main/add-todo/ HTTP/1.1" 302 0
[17/Jul/2025 18:26:51] "GET /main/ HTTP/1.1" 200 5772
[17/Jul/2025 18:26:51] "POST /main/add-todo/ HTTP/1.1" 302 0
[17/Jul/2025 18:26:51] "GET /main/ HTTP/1.1" 200 5772
